  user_main.c
g:\share\liangba\hekr-esp8266-sdk-ra\examples\smart plug\user\user_main.c(38): warning C4013: “os_printf_plus”未定义；假设外部返回 int
g:\share\liangba\hekr-esp8266-sdk-ra\examples\smart plug\user\user_main.c(39): warning C4013: “ra_gpio_output”未定义；假设外部返回 int
g:\share\liangba\hekr-esp8266-sdk-ra\examples\smart plug\user\user_main.c(60): warning C4013: “ra_gpio_input”未定义；假设外部返回 int
g:\share\liangba\hekr-esp8266-sdk-ra\examples\smart plug\user\user_main.c(65): warning C4013: “ets_strlen”未定义；假设外部返回 int
g:\share\liangba\hekr-esp8266-sdk-ra\examples\smart plug\user\user_main.c(69): warning C4013: “vPortFree”未定义；假设外部返回 int
g:\share\liangba\hekr-esp8266-sdk-ra\examples\smart plug\user\user_main.c(174): warning C4013: “ra_gpio_set_pullup”未定义；假设外部返回 int
user_main.obj : error LNK2019: 无法解析的外部符号 _cJSON_PrintUnformatted，该符号在函数 _product_status_send_to_cloud 中被引用
user_main.obj : error LNK2019: 无法解析的外部符号 _cJSON_Delete，该符号在函数 _product_status_send_to_cloud 中被引用
user_main.obj : error LNK2019: 无法解析的外部符号 _cJSON_GetObjectItem，该符号在函数 _product_task_cb 中被引用
user_main.obj : error LNK2019: 无法解析的外部符号 _cJSON_CreateNumber，该符号在函数 _product_status_send_to_cloud 中被引用
user_main.obj : error LNK2019: 无法解析的外部符号 _cJSON_CreateString，该符号在函数 _product_status_send_to_cloud 中被引用
user_main.obj : error LNK2019: 无法解析的外部符号 _cJSON_CreateArray，该符号在函数 _product_status_send_to_cloud 中被引用
user_main.obj : error LNK2019: 无法解析的外部符号 _cJSON_CreateObject，该符号在函数 _product_status_send_to_cloud 中被引用
user_main.obj : error LNK2019: 无法解析的外部符号 _cJSON_AddItemToObject，该符号在函数 _product_status_send_to_cloud 中被引用
user_main.obj : error LNK2019: 无法解析的外部符号 _wifi_station_get_config，该符号在函数 _device_state_changed_callback 中被引用
user_main.obj : error LNK2019: 无法解析的外部符号 _wifi_station_set_config，该符号在函数 _device_state_changed_callback 中被引用
user_main.obj : error LNK2019: 无法解析的外部符号 _wifi_station_connect，该符号在函数 _ra_user_main 中被引用
user_main.obj : error LNK2019: 无法解析的外部符号 _ra_start_wifi_config，该符号在函数 _ra_user_main 中被引用
user_main.obj : error LNK2019: 无法解析的外部符号 _ra_register_wifi_config_callback，该符号在函数 _ra_user_main 中被引用
user_main.obj : error LNK2019: 无法解析的外部符号 _ra_connect_wifi，该符号在函数 _wifi_config_finish_callback 中被引用
user_main.obj : error LNK2019: 无法解析的外部符号 _ra_register_device_state_changed_callback，该符号在函数 _ra_user_main 中被引用
user_main.obj : error LNK2019: 无法解析的外部符号 _ra_device_state_led_task_install，该符号在函数 _product_hardware_init 中被引用
user_main.obj : error LNK2019: 无法解析的外部符号 _ra_get_devtid，该符号在函数 _product_status_send_to_cloud 中被引用
user_main.obj : error LNK2019: 无法解析的外部符号 _ra_set_current_firmware_version，该符号在函数 _ra_user_main 中被引用
user_main.obj : error LNK2019: 无法解析的外部符号 _ra_set_parameter_string，该符号在函数 _ra_user_main 中被引用
user_main.obj : error LNK2019: 无法解析的外部符号 _ra_uart_set_terminal，该符号在函数 _ra_user_main 中被引用
user_main.obj : error LNK2019: 无法解析的外部符号 _ra_connect_to_cloud，该符号在函数 _device_state_changed_callback 中被引用
user_main.obj : error LNK2019: 无法解析的外部符号 _ra_send_data_to_cloud，该符号在函数 _product_status_send_to_cloud 中被引用
user_main.obj : error LNK2019: 无法解析的外部符号 _ra_enable_cloud_data_parse，该符号在函数 _device_state_changed_callback 中被引用
user_main.obj : error LNK2019: 无法解析的外部符号 _ra_register_appsend_parse_callback，该符号在函数 _device_state_changed_callback 中被引用
user_main.obj : error LNK2019: 无法解析的外部符号 _ra_register_appsend_finished_callback，该符号在函数 _device_state_changed_callback 中被引用
user_main.obj : error LNK2019: 无法解析的外部符号 _ra_register_gettimerlistresp_parse_callback，该符号在函数 _device_state_changed_callback 中被引用
user_main.obj : error LNK2019: 无法解析的外部符号 _os_printf_plus，该符号在函数 _device_state_changed_callback 中被引用
user_main.obj : error LNK2019: 无法解析的外部符号 _ra_gpio_output，该符号在函数 _product_power_control 中被引用
user_main.obj : error LNK2019: 无法解析的外部符号 _ra_gpio_input，该符号在函数 _product_status_send_to_cloud 中被引用
user_main.obj : error LNK2019: 无法解析的外部符号 _ets_strlen，该符号在函数 _product_status_send_to_cloud 中被引用
user_main.obj : error LNK2019: 无法解析的外部符号 _vPortFree，该符号在函数 _product_status_send_to_cloud 中被引用
user_main.obj : error LNK2019: 无法解析的外部符号 _ra_gpio_set_pullup，该符号在函数 _product_hardware_init 中被引用
MSVCRTD.lib(exe_main.obj) : error LNK2019: 无法解析的外部符号 _main，该符号在函数 "int __cdecl invoke_main(void)" (?invoke_main@@YAHXZ) 中被引用
G:\share\liangba\hekr-esp8266-sdk-ra\liangba\Debug\liangba.exe : fatal error LNK1120: 33 个无法解析的外部命令
